<?xml version="1.0" encoding="UTF-8"?>
<testng-results ignored="0" total="1" passed="1" failed="0" skipped="0">
  <reporter-output>
  </reporter-output>
  <suite started-at="2024-06-22T18:29:25 IST" name="Suite" finished-at="2024-06-22T18:30:05 IST" duration-ms="39670">
    <groups>
    </groups>
    <test started-at="2024-06-22T18:29:25 IST" name="Test" finished-at="2024-06-22T18:30:05 IST" duration-ms="39670">
      <class name="testPackage.TestCaseClass">
        <test-method signature="launchApplication()[pri:1, instance:testPackage.TestCaseClass@4310d43]" started-at="2024-06-22T18:29:25 IST" name="launchApplication" finished-at="2024-06-22T18:30:05 IST" duration-ms="39631" status="PASS">
          <reporter-output>
          </reporter-output>
        </test-method> <!-- launchApplication -->
      </class> <!-- testPackage.TestCaseClass -->
    </test> <!-- Test -->
  </suite> <!-- Suite -->
</testng-results>
