<?xml version="1.0" encoding="UTF-8"?>
<testng-results ignored="0" total="1" passed="1" failed="0" skipped="0">
  <reporter-output>
  </reporter-output>
  <suite started-at="2024-06-22T17:30:30 IST" name="Default suite" finished-at="2024-06-22T17:30:53 IST" duration-ms="23709">
    <groups>
    </groups>
    <test started-at="2024-06-22T17:30:30 IST" name="Default test" finished-at="2024-06-22T17:30:53 IST" duration-ms="23709">
      <class name="testPackage.TestCaseClass">
        <test-method signature="launchApplication()[pri:1, instance:testPackage.TestCaseClass@47d9a273]" started-at="2024-06-22T17:30:30 IST" name="launchApplication" finished-at="2024-06-22T17:30:53 IST" duration-ms="23650" status="PASS">
          <reporter-output>
          </reporter-output>
        </test-method> <!-- launchApplication -->
      </class> <!-- testPackage.TestCaseClass -->
    </test> <!-- Default test -->
  </suite> <!-- Default suite -->
</testng-results>
